Using pre-set license
Built from '2020.3/staging' branch; Version is '2020.3.6f1 (338bb68529b2) revision 3378102'; Using compiler version '192528614'; Build Type 'Release'
OS: 'Windows 10 Pro N; OS build 19042.1466; Version 2009; 64bit' Language: 'pl' Physical Memory: 32599 MB
BatchMode: 1, IsHumanControllingUs: 0, StartBugReporterOnCrash: 0, Is64bit: 1, IsPro: 0

 COMMAND LINE ARGUMENTS:
C:\Program Files\Unity\Hub\Editor\2020.3.6f1\Editor\Unity.exe
-adb2
-batchMode
-noUpm
-name
AssetImportWorker0
-projectPath
E:/Giganci/Cosmos
-logFile
Logs/AssetImportWorker0.log
-srvPort
62129
Successfully changed project path to: E:/Giganci/Cosmos
E:/Giganci/Cosmos
Using Asset Import Pipeline V2.
Refreshing native plugins compatible for Editor in 22.01 ms, found 0 plugins.
Preloading 0 native plugins for Editor in 0.00 ms.
Initialize engine version: 2020.3.6f1 (338bb68529b2)
[Subsystems] Discovering subsystems at path C:/Program Files/Unity/Hub/Editor/2020.3.6f1/Editor/Data/Resources/UnitySubsystems
[Subsystems] Discovering subsystems at path E:/Giganci/Cosmos/Assets
GfxDevice: creating device client; threaded=0
Direct3D:
    Version:  Direct3D 11.0 [level 11.1]
    Renderer: NVIDIA GeForce RTX 2060 (ID=0x1f15)
    Vendor:   
    VRAM:     5980 MB
    Driver:   30.0.14.9729
Initialize mono
Mono path[0] = 'C:/Program Files/Unity/Hub/Editor/2020.3.6f1/Editor/Data/Managed'
Mono path[1] = 'C:/Program Files/Unity/Hub/Editor/2020.3.6f1/Editor/Data/MonoBleedingEdge/lib/mono/unityjit'
Mono config path = 'C:/Program Files/Unity/Hub/Editor/2020.3.6f1/Editor/Data/MonoBleedingEdge/etc'
Using monoOptions --debugger-agent=transport=dt_socket,embedding=1,server=y,suspend=n,address=127.0.0.1:56304
Begin MonoManager ReloadAssembly
Registering precompiled unity dll's ...
Register platform support module: C:/Program Files/Unity/Hub/Editor/2020.3.6f1/Editor/Data/PlaybackEngines/WebGLSupport/UnityEditor.WebGL.Extensions.dll
Register platform support module: C:/Program Files/Unity/Hub/Editor/2020.3.6f1/Editor/Data/PlaybackEngines/WindowsStandaloneSupport/UnityEditor.WindowsStandalone.Extensions.dll
Registered in 0.002231 seconds.
Native extension for WindowsStandalone target not found
Native extension for WebGL target not found
Refreshing native plugins compatible for Editor in 22.88 ms, found 0 plugins.
Preloading 0 native plugins for Editor in 0.00 ms.
Mono: successfully reloaded assembly
- Completed reload, in  2.102 seconds
Platform modules already initialized, skipping
Registering precompiled user dll's ...
Registered in 0.000591 seconds.
Begin MonoManager ReloadAssembly
Native extension for WindowsStandalone target not found
Native extension for WebGL target not found
Refreshing native plugins compatible for Editor in 0.21 ms, found 0 plugins.
Preloading 0 native plugins for Editor in 0.00 ms.
Mono: successfully reloaded assembly
- Completed reload, in  0.781 seconds
Platform modules already initialized, skipping
========================================================================
Worker process is ready to serve import requests
Launched and connected shader compiler UnityShaderCompiler.exe after 0.04 seconds
Refreshing native plugins compatible for Editor in 0.42 ms, found 0 plugins.
Preloading 0 native plugins for Editor in 0.00 ms.
Unloading 1180 Unused Serialized files (Serialized files now loaded: 0)
System memory in use before: 60.6 MB.
System memory in use after: 60.7 MB.

Unloading 10 unused Assets to reduce memory usage. Loaded Objects now: 1622.
Total: 2.236400 ms (FindLiveObjects: 0.295700 ms CreateObjectMapping: 0.111200 ms MarkObjects: 1.694300 ms  DeleteObjects: 0.134100 ms)

========================================================================
Received Import Request.
  path: Assets/Scenes
  artifactKey: Guid(c1bade1bb57782f4990029f3a61fb66c) Importer(815301076,1909f56bfc062723c751e8b465ee728b)
Start importing Assets/Scenes using Guid(c1bade1bb57782f4990029f3a61fb66c) Importer(815301076,1909f56bfc062723c751e8b465ee728b)  -> (artifact id: '962ae52a02882f986e46a6cdece23c1b') in 0.009877 seconds
  Import took 0.011766 seconds .

========================================================================
Received Import Request.
  Time since last request: 0.000235 seconds.
  path: Assets/Scenes/SampleScene.unity
  artifactKey: Guid(2cda990e2423bbf4892e6590ba056729) Importer(815301076,1909f56bfc062723c751e8b465ee728b)
Start importing Assets/Scenes/SampleScene.unity using Guid(2cda990e2423bbf4892e6590ba056729) Importer(815301076,1909f56bfc062723c751e8b465ee728b)  -> (artifact id: '6c2fb2554eb56e6a8a87b1a143f5ba5e') in 0.014574 seconds
  Import took 0.016311 seconds .

========================================================================
Received Prepare
Registering precompiled user dll's ...
Registered in 0.000612 seconds.
Begin MonoManager ReloadAssembly
Native extension for WindowsStandalone target not found
Native extension for WebGL target not found
Refreshing native plugins compatible for Editor in 0.27 ms, found 0 plugins.
Preloading 0 native plugins for Editor in 0.00 ms.
Mono: successfully reloaded assembly
- Completed reload, in  0.677 seconds
Platform modules already initialized, skipping
Refreshing native plugins compatible for Editor in 0.21 ms, found 0 plugins.
Preloading 0 native plugins for Editor in 0.00 ms.
Unloading 1162 Unused Serialized files (Serialized files now loaded: 0)
System memory in use before: 59.3 MB.
System memory in use after: 59.4 MB.

Unloading 5 unused Assets to reduce memory usage. Loaded Objects now: 1625.
Total: 1.400100 ms (FindLiveObjects: 0.116000 ms CreateObjectMapping: 0.035300 ms MarkObjects: 1.205600 ms  DeleteObjects: 0.042200 ms)

========================================================================
Received Prepare
Registering precompiled user dll's ...
Registered in 0.001154 seconds.
Begin MonoManager ReloadAssembly
Native extension for WindowsStandalone target not found
Native extension for WebGL target not found
Refreshing native plugins compatible for Editor in 0.46 ms, found 0 plugins.
Preloading 0 native plugins for Editor in 0.00 ms.
Mono: successfully reloaded assembly
- Completed reload, in  0.891 seconds
Platform modules already initialized, skipping
Refreshing native plugins compatible for Editor in 0.26 ms, found 0 plugins.
Preloading 0 native plugins for Editor in 0.00 ms.
Unloading 1162 Unused Serialized files (Serialized files now loaded: 0)
System memory in use before: 59.3 MB.
System memory in use after: 59.4 MB.

Unloading 5 unused Assets to reduce memory usage. Loaded Objects now: 1628.
Total: 1.722400 ms (FindLiveObjects: 0.163900 ms CreateObjectMapping: 0.052200 ms MarkObjects: 1.448900 ms  DeleteObjects: 0.056200 ms)

========================================================================
Received Import Request.
  Time since last request: 443.691886 seconds.
  path: Assets/Materials/BossBullet.mat
  artifactKey: Guid(c3888985558b5fe49a55db21f4e958d4) Importer(815301076,1909f56bfc062723c751e8b465ee728b)
Start importing Assets/Materials/BossBullet.mat using Guid(c3888985558b5fe49a55db21f4e958d4) Importer(815301076,1909f56bfc062723c751e8b465ee728b)  -> (artifact id: 'e9178eb17de423c7f1a393f8f4b5c711') in 0.270135 seconds
  Import took 0.272596 seconds .

========================================================================
Received Import Request.
  Time since last request: 0.000147 seconds.
  path: Assets/Materials/EnemyBullet.mat
  artifactKey: Guid(96be6c04bab2d8744806aa4003d98dad) Importer(815301076,1909f56bfc062723c751e8b465ee728b)
Start importing Assets/Materials/EnemyBullet.mat using Guid(96be6c04bab2d8744806aa4003d98dad) Importer(815301076,1909f56bfc062723c751e8b465ee728b)  -> (artifact id: '9931b44042b17e9b6d2ab20dfb10817d') in 0.220153 seconds
  Import took 0.221765 seconds .

========================================================================
Received Import Request.
  Time since last request: 0.000197 seconds.
  path: Assets/Materials/Bullet.mat
  artifactKey: Guid(4f29fbd85a9ab1447bd5ee5dacf71e7f) Importer(815301076,1909f56bfc062723c751e8b465ee728b)
Start importing Assets/Materials/Bullet.mat using Guid(4f29fbd85a9ab1447bd5ee5dacf71e7f) Importer(815301076,1909f56bfc062723c751e8b465ee728b)  -> (artifact id: '997420c9d0f0b6606994c577d31a7dec') in 0.193879 seconds
  Import took 0.195691 seconds .

========================================================================
Received Import Request.
  Time since last request: 1.670740 seconds.
  path: Assets/Prefabs/Asteroid.prefab
  artifactKey: Guid(cb29d35467e6e5946983b8b66f0a2d07) Importer(815301076,1909f56bfc062723c751e8b465ee728b)
Start importing Assets/Prefabs/Asteroid.prefab using Guid(cb29d35467e6e5946983b8b66f0a2d07) Importer(815301076,1909f56bfc062723c751e8b465ee728b)  -> (artifact id: 'eb0a03b0236204fa0ea11015498a8de5') in 0.219722 seconds
  Import took 0.222131 seconds .

========================================================================
Received Import Request.
  Time since last request: 0.000191 seconds.
  path: Assets/Prefabs/Bullet.prefab
  artifactKey: Guid(3a3506c03cac2534bb10ccb1d655ae8c) Importer(815301076,1909f56bfc062723c751e8b465ee728b)
Start importing Assets/Prefabs/Bullet.prefab using Guid(3a3506c03cac2534bb10ccb1d655ae8c) Importer(815301076,1909f56bfc062723c751e8b465ee728b)  -> (artifact id: '37d800500faa06a80adddae720d589fb') in 0.014255 seconds
  Import took 0.016155 seconds .

========================================================================
Received Import Request.
  Time since last request: 0.000254 seconds.
  path: Assets/Prefabs/EnemyBullet.prefab
  artifactKey: Guid(007d6dc48d833c841adc503ac450a4c4) Importer(815301076,1909f56bfc062723c751e8b465ee728b)
Start importing Assets/Prefabs/EnemyBullet.prefab using Guid(007d6dc48d833c841adc503ac450a4c4) Importer(815301076,1909f56bfc062723c751e8b465ee728b)  -> (artifact id: '738f133baf2fc0bed1f6e877084a924a') in 0.018902 seconds
  Import took 0.021177 seconds .

========================================================================
Received Import Request.
  Time since last request: 0.000297 seconds.
  path: Assets/Prefabs/Enemy2.prefab
  artifactKey: Guid(c970f4d55048a964ea5eedf0a560a97b) Importer(815301076,1909f56bfc062723c751e8b465ee728b)
Start importing Assets/Prefabs/Enemy2.prefab using Guid(c970f4d55048a964ea5eedf0a560a97b) Importer(815301076,1909f56bfc062723c751e8b465ee728b)  -> (artifact id: '5d9d4a53ab043fdf03838c7d36842bef') in 0.051443 seconds
  Import took 0.053925 seconds .

========================================================================
Received Import Request.
  Time since last request: 0.000156 seconds.
  path: Assets/Prefabs/Heal.prefab
  artifactKey: Guid(8539bac7167bb744284e8d496129228e) Importer(815301076,1909f56bfc062723c751e8b465ee728b)
Start importing Assets/Prefabs/Heal.prefab using Guid(8539bac7167bb744284e8d496129228e) Importer(815301076,1909f56bfc062723c751e8b465ee728b)  -> (artifact id: '4086c5d47d4864029e1a4158773031c2') in 0.027112 seconds
  Import took 0.029426 seconds .

========================================================================
Received Import Request.
  Time since last request: 0.000227 seconds.
  path: Assets/Prefabs/BossBullet.prefab
  artifactKey: Guid(94fb2c8babc86b147a98b8ecb7f31f59) Importer(815301076,1909f56bfc062723c751e8b465ee728b)
Start importing Assets/Prefabs/BossBullet.prefab using Guid(94fb2c8babc86b147a98b8ecb7f31f59) Importer(815301076,1909f56bfc062723c751e8b465ee728b)  -> (artifact id: 'b150445b6a142ce14d5b72c490642a17') in 0.013529 seconds
  Import took 0.015530 seconds .

========================================================================
Received Import Request.
  Time since last request: 0.000162 seconds.
  path: Assets/Prefabs/Enemy1.prefab
  artifactKey: Guid(055c5ea2db6e1154c8ea3238cb03194e) Importer(815301076,1909f56bfc062723c751e8b465ee728b)
Start importing Assets/Prefabs/Enemy1.prefab using Guid(055c5ea2db6e1154c8ea3238cb03194e) Importer(815301076,1909f56bfc062723c751e8b465ee728b)  -> (artifact id: 'b4d50e99b27c2ce976a8b988c15d0a33') in 0.026570 seconds
  Import took 0.029321 seconds .

========================================================================
Received Import Request.
  Time since last request: 0.000198 seconds.
  path: Assets/Prefabs/Explode.prefab
  artifactKey: Guid(f3396fea9f29835408810ea5014205cc) Importer(815301076,1909f56bfc062723c751e8b465ee728b)
Start importing Assets/Prefabs/Explode.prefab using Guid(f3396fea9f29835408810ea5014205cc) Importer(815301076,1909f56bfc062723c751e8b465ee728b)  -> (artifact id: 'fc750930fb0c15b886995bf5f70ade32') in 0.011189 seconds
  Import took 0.013284 seconds .

========================================================================
Received Import Request.
  Time since last request: 0.000148 seconds.
  path: Assets/Prefabs/WeaponLevel.prefab
  artifactKey: Guid(bdd1baa7a1aa76d44b4cf6022ac40ec7) Importer(815301076,1909f56bfc062723c751e8b465ee728b)
Start importing Assets/Prefabs/WeaponLevel.prefab using Guid(bdd1baa7a1aa76d44b4cf6022ac40ec7) Importer(815301076,1909f56bfc062723c751e8b465ee728b)  -> (artifact id: '126750cbacd2af78382d36c01391189f') in 0.018259 seconds
  Import took 0.020020 seconds .

========================================================================
Received Import Request.
  Time since last request: 0.000177 seconds.
  path: Assets/Prefabs/Boss.prefab
  artifactKey: Guid(3224bb8f5d8ccb14785cb7d621246df1) Importer(815301076,1909f56bfc062723c751e8b465ee728b)
Start importing Assets/Prefabs/Boss.prefab using Guid(3224bb8f5d8ccb14785cb7d621246df1) Importer(815301076,1909f56bfc062723c751e8b465ee728b)  -> (artifact id: '8d5e7b9582fde032b990ac6b0d79d9b0') in 0.034574 seconds
  Import took 0.037194 seconds .

========================================================================
Received Import Request.
  Time since last request: 0.000135 seconds.
  path: Assets/Prefabs/Obstacle.prefab
  artifactKey: Guid(c1621dc6bb443e34da3946e416780115) Importer(815301076,1909f56bfc062723c751e8b465ee728b)
Start importing Assets/Prefabs/Obstacle.prefab using Guid(c1621dc6bb443e34da3946e416780115) Importer(815301076,1909f56bfc062723c751e8b465ee728b)  -> (artifact id: '6c95014cabdc36d7bcb8ee896d1d2057') in 0.087515 seconds
  Import took 0.089339 seconds .

========================================================================
Received Import Request.
  Time since last request: 0.000207 seconds.
  path: Assets/Prefabs/Bomb.prefab
  artifactKey: Guid(192be6d3903bfcc449d3e69b7ba87bf5) Importer(815301076,1909f56bfc062723c751e8b465ee728b)
Start importing Assets/Prefabs/Bomb.prefab using Guid(192be6d3903bfcc449d3e69b7ba87bf5) Importer(815301076,1909f56bfc062723c751e8b465ee728b)  -> (artifact id: '3b8bf69e4011a2b0b0a0990195d8cbfe') in 0.014892 seconds
  Import took 0.016744 seconds .

========================================================================
Received Prepare
Registering precompiled user dll's ...
Registered in 0.000604 seconds.
Begin MonoManager ReloadAssembly
Native extension for WindowsStandalone target not found
Native extension for WebGL target not found
Refreshing native plugins compatible for Editor in 0.23 ms, found 0 plugins.
Preloading 0 native plugins for Editor in 0.00 ms.
Mono: successfully reloaded assembly
- Completed reload, in  0.716 seconds
Platform modules already initialized, skipping
Refreshing native plugins compatible for Editor in 0.22 ms, found 0 plugins.
Preloading 0 native plugins for Editor in 0.00 ms.
Unloading 1162 Unused Serialized files (Serialized files now loaded: 0)
System memory in use before: 62.9 MB.
System memory in use after: 62.9 MB.

Unloading 6 unused Assets to reduce memory usage. Loaded Objects now: 1673.
Total: 1.512000 ms (FindLiveObjects: 0.121900 ms CreateObjectMapping: 0.033000 ms MarkObjects: 1.312500 ms  DeleteObjects: 0.044000 ms)

========================================================================
Received Prepare
Registering precompiled user dll's ...
Registered in 0.001168 seconds.
Begin MonoManager ReloadAssembly
Native extension for WindowsStandalone target not found
Native extension for WebGL target not found
Refreshing native plugins compatible for Editor in 0.27 ms, found 0 plugins.
Preloading 0 native plugins for Editor in 0.00 ms.
Mono: successfully reloaded assembly
- Completed reload, in  0.984 seconds
Platform modules already initialized, skipping
Refreshing native plugins compatible for Editor in 0.54 ms, found 0 plugins.
Preloading 0 native plugins for Editor in 0.00 ms.
Unloading 1162 Unused Serialized files (Serialized files now loaded: 0)
System memory in use before: 62.9 MB.
System memory in use after: 63.0 MB.

Unloading 5 unused Assets to reduce memory usage. Loaded Objects now: 1676.
Total: 2.908600 ms (FindLiveObjects: 0.444300 ms CreateObjectMapping: 0.124600 ms MarkObjects: 2.262800 ms  DeleteObjects: 0.074800 ms)

========================================================================
Received Prepare
Registering precompiled user dll's ...
Registered in 0.000676 seconds.
Begin MonoManager ReloadAssembly
Native extension for WindowsStandalone target not found
Native extension for WebGL target not found
Refreshing native plugins compatible for Editor in 0.24 ms, found 0 plugins.
Preloading 0 native plugins for Editor in 0.00 ms.
Mono: successfully reloaded assembly
- Completed reload, in  0.727 seconds
Platform modules already initialized, skipping
Refreshing native plugins compatible for Editor in 0.21 ms, found 0 plugins.
Preloading 0 native plugins for Editor in 0.00 ms.
Unloading 1162 Unused Serialized files (Serialized files now loaded: 0)
System memory in use before: 62.9 MB.
System memory in use after: 63.0 MB.

Unloading 5 unused Assets to reduce memory usage. Loaded Objects now: 1679.
Total: 1.672800 ms (FindLiveObjects: 0.163600 ms CreateObjectMapping: 0.031900 ms MarkObjects: 1.385300 ms  DeleteObjects: 0.091000 ms)

========================================================================
Received Prepare
Registering precompiled user dll's ...
Registered in 0.000567 seconds.
Begin MonoManager ReloadAssembly
Native extension for WindowsStandalone target not found
Native extension for WebGL target not found
Refreshing native plugins compatible for Editor in 0.25 ms, found 0 plugins.
Preloading 0 native plugins for Editor in 0.00 ms.
Mono: successfully reloaded assembly
- Completed reload, in  0.717 seconds
Platform modules already initialized, skipping
Refreshing native plugins compatible for Editor in 0.21 ms, found 0 plugins.
Preloading 0 native plugins for Editor in 0.00 ms.
Unloading 1162 Unused Serialized files (Serialized files now loaded: 0)
System memory in use before: 62.9 MB.
System memory in use after: 63.0 MB.

Unloading 5 unused Assets to reduce memory usage. Loaded Objects now: 1682.
Total: 1.752400 ms (FindLiveObjects: 0.206600 ms CreateObjectMapping: 0.061200 ms MarkObjects: 1.421900 ms  DeleteObjects: 0.061500 ms)

AssetImportWorkerClient::OnTransportError - code=2 error=End of file
